#
# There is insufficient memory for the Java Runtime Environment to continue.
# Native memory allocation (malloc) failed to allocate 2048 bytes for AllocateHeap
# Possible reasons:
#   The system is out of physical RAM or swap space
#   The process is running with CompressedOops enabled, and the Java Heap may be blocking the growth of the native heap
# Possible solutions:
#   Reduce memory load on the system
#   Increase physical memory or swap space
#   Check if swap backing store is full
#   Decrease Java heap size (-Xmx/-Xms)
#   Decrease number of Java threads
#   Decrease Java thread stack sizes (-Xss)
#   Set larger code cache with -XX:ReservedCodeCacheSize=
#   JVM is running with Zero Based Compressed Oops mode in which the Java heap is
#     placed in the first 32GB address space. The Java Heap base address is the
#     maximum limit for the native heap growth. Please use -XX:HeapBaseMinAddress
#     to set the Java Heap base and to place the Java Heap above 32GB virtual address.
# This output file may be truncated or incomplete.
#
#  Out of Memory Error (allocation.cpp:44), pid=16280, tid=14988
#
# JRE version:  (17.0.9+11) (build )
# Java VM: Java HotSpot(TM) 64-Bit Server VM (17.0.9+11-LTS-201, mixed mode, emulated-client, tiered, compressed oops, compressed class ptrs, g1 gc, windows-amd64)
# No core dump will be written. Minidumps are not enabled by default on client versions of Windows
#

---------------  S U M M A R Y ------------

Command Line: -XX:TieredStopAtLevel=1 -Dspring.output.ansi.enabled=always -Dcom.sun.management.jmxremote -Dspring.jmx.enabled=true -Dspring.liveBeansView.mbeanDomain -Dspring.application.admin.enabled=true -Dmanagement.endpoints.jmx.exposure.include=* -javaagent:C:\Program Files\JetBrains\IntelliJ IDEA 2023.3.2\lib\idea_rt.jar=60375:C:\Program Files\JetBrains\IntelliJ IDEA 2023.3.2\bin -Dfile.encoding=UTF-8 com.godcoder.myhome.MyhomeApplication

Host: Intel(R) Core(TM) i5-4670 CPU @ 3.40GHz, 4 cores, 15G,  Windows 10 , 64 bit Build 19041 (10.0.19041.3636)
Time: Tue Jan 23 23:46:52 2024  Windows 10 , 64 bit Build 19041 (10.0.19041.3636) elapsed time: 0.042809 seconds (0d 0h 0m 0s)

---------------  T H R E A D  ---------------

Current thread (0x000001af7599db80):  JavaThread "Unknown thread" [_thread_in_vm, id=14988, stack(0x0000009100f00000,0x0000009101000000)]

Stack: [0x0000009100f00000,0x0000009101000000]
Native frames: (J=compiled Java code, j=interpreted, Vv=VM code, C=native code)
V  [jvm.dll+0x678a4a]
V  [jvm.dll+0x7d9cfd]
V  [jvm.dll+0x7db60e]
V  [jvm.dll+0x7dbc73]
V  [jvm.dll+0x245e1f]
V  [jvm.dll+0xa5173]
V  [jvm.dll+0x11bd62]
V  [jvm.dll+0x11bfa4]
V  [jvm.dll+0x212025]
V  [jvm.dll+0x7d569b]
V  [jvm.dll+0x7d5b5f]
V  [jvm.dll+0x7d53a2]
V  [jvm.dll+0x6224ad]
V  [jvm.dll+0x6204d0]
V  [jvm.dll+0x7ab6e5]
V  [jvm.dll+0x368041]
V  [jvm.dll+0x78a749]
V  [jvm.dll+0x3ebd4f]
V  [jvm.dll+0x3ed7d1]
C  [jli.dll+0x5297]
C  [ucrtbase.dll+0x21bb2]
C  [KERNEL32.DLL+0x17344]
C  [ntdll.dll+0x526b1]


---------------  P R O C E S S  ---------------

Threads class SMR info:
_java_thread_list=0x00007ffb736089d8, length=0, elements={
}

Java Threads: ( => current thread )

Other Threads:
  0x000001af75a09520 GCTaskThread "GC Thread#0" [stack: 0x0000009101000000,0x0000009101100000] [id=12360]
  0x000001af75a1b2a0 ConcurrentGCThread "G1 Main Marker" [stack: 0x0000009101100000,0x0000009101200000] [id=9320]
  0x000001af75a1bbc0 ConcurrentGCThread "G1 Conc#0" [stack: 0x0000009101200000,0x0000009101300000] [id=17404]
  0x000001af75a5d400 ConcurrentGCThread "G1 Refine#0" [stack: 0x0000009101300000,0x0000009101400000] [id=624]
  0x000001af75a5dd40 ConcurrentGCThread "G1 Service" [stack: 0x0000009101400000,0x0000009101500000] [id=9456]

=>0x000001af7599db80 (exited) JavaThread "Unknown thread" [_thread_in_vm, id=14988, stack(0x0000009100f00000,0x0000009101000000)]

Threads with active compile tasks:

VM state: not at safepoint (not fully initialized)

VM Mutex/Monitor currently owned by a thread: None

Heap address: 0x0000000700e00000, size: 4082 MB, Compressed Oops mode: Zero based, Oop shift amount: 3

CDS archive(s) not mapped
Narrow klass base: 0x0000000000000000, Narrow klass shift: 0, Narrow klass range: 0x0

GC Precious Log:
 CPUs: 4 total, 4 available
 Memory: 16321M
 Large Page Support: Disabled
 NUMA Support: Disabled
 Compressed Oops: Enabled (Zero based)
 Heap Region Size: 2M
 Heap Min Capacity: 8M
 Heap Initial Capacity: 256M
 Heap Max Capacity: 4082M
 Pre-touch: Disabled
 Parallel Workers: 4
 Concurrent Workers: 1
 Concurrent Refinement Workers: 4
 Periodic GC: Disabled

Heap:
 garbage-first heap   total 262144K, used 0K [0x0000000700e00000, 0x0000000800000000)
  region size 2048K, 0 young (0K), 0 survivors (0K)

[error occurred during error reporting (printing heap information), id 0xc0000005, EXCEPTION_ACCESS_VIOLATION (0xc0000005) at pc=0x00007ffb73222229]

GC Heap History (0 events):
No events

Deoptimization events (0 events):
No events

Classes unloaded (0 events):
No events

Classes redefined (0 events):
No events

Internal exceptions (0 events):
No events

VM Operations (0 events):
No events

Events (1 events):
Event: 0.031 Loaded shared library C:\Program Files\Java\jdk-17\bin\java.dll


Dynamic libraries:
0x00007ff6e7570000 - 0x00007ff6e7580000 	C:\Program Files\Java\jdk-17\bin\java.exe
0x00007ffbb2190000 - 0x00007ffbb2388000 	C:\Windows\SYSTEM32\ntdll.dll
0x00007ffbb1790000 - 0x00007ffbb184d000 	C:\Windows\System32\KERNEL32.DLL
0x00007ffbaf860000 - 0x00007ffbafb56000 	C:\Windows\System32\KERNELBASE.dll
0x00007ffbafc00000 - 0x00007ffbafd00000 	C:\Windows\System32\ucrtbase.dll
0x00007ffba7830000 - 0x00007ffba784b000 	C:\Program Files\Java\jdk-17\bin\VCRUNTIME140.dll
0x00007ffba6d40000 - 0x00007ffba6d59000 	C:\Program Files\Java\jdk-17\bin\jli.dll
0x00007ffbb2090000 - 0x00007ffbb2143000 	C:\Windows\System32\ADVAPI32.dll
0x00007ffbb1f90000 - 0x00007ffbb202e000 	C:\Windows\System32\msvcrt.dll
0x00007ffbb06d0000 - 0x00007ffbb076f000 	C:\Windows\System32\sechost.dll
0x00007ffbb05a0000 - 0x00007ffbb06c6000 	C:\Windows\System32\RPCRT4.dll
0x00007ffbb01b0000 - 0x00007ffbb01d7000 	C:\Windows\System32\bcrypt.dll
0x00007ffbb0bd0000 - 0x00007ffbb0d6e000 	C:\Windows\System32\USER32.dll
0x00007ffbafe90000 - 0x00007ffbafeb2000 	C:\Windows\System32\win32u.dll
0x00007ffbb1850000 - 0x00007ffbb187c000 	C:\Windows\System32\GDI32.dll
0x00007ffbafd00000 - 0x00007ffbafe1a000 	C:\Windows\System32\gdi32full.dll
0x00007ffbafb60000 - 0x00007ffbafbfd000 	C:\Windows\System32\msvcp_win.dll
0x00007ffb99c50000 - 0x00007ffb99eea000 	C:\Windows\WinSxS\amd64_microsoft.windows.common-controls_6595b64144ccf1df_6.0.19041.3636_none_60b6a03d71f818d5\COMCTL32.dll
0x00007ffba9f30000 - 0x00007ffba9f3a000 	C:\Windows\SYSTEM32\VERSION.dll
0x00007ffbb1760000 - 0x00007ffbb1790000 	C:\Windows\System32\IMM32.DLL
0x00007ffbaa1e0000 - 0x00007ffbaa1ec000 	C:\Program Files\Java\jdk-17\bin\vcruntime140_1.dll
0x00007ffb86510000 - 0x00007ffb8659e000 	C:\Program Files\Java\jdk-17\bin\msvcp140.dll
0x00007ffb72b50000 - 0x00007ffb73731000 	C:\Program Files\Java\jdk-17\bin\server\jvm.dll
0x00007ffbb0d70000 - 0x00007ffbb0d78000 	C:\Windows\System32\PSAPI.DLL
0x00007ffb95c30000 - 0x00007ffb95c39000 	C:\Windows\SYSTEM32\WSOCK32.dll
0x00007ffbb0fa0000 - 0x00007ffbb100b000 	C:\Windows\System32\WS2_32.dll
0x00007ffba53b0000 - 0x00007ffba53d7000 	C:\Windows\SYSTEM32\WINMM.dll
0x00007ffbad730000 - 0x00007ffbad742000 	C:\Windows\SYSTEM32\kernel.appcore.dll
0x00007ffba8a50000 - 0x00007ffba8a5a000 	C:\Program Files\Java\jdk-17\bin\jimage.dll
0x00007ffb9bc20000 - 0x00007ffb9be04000 	C:\Windows\SYSTEM32\DBGHELP.DLL
0x00007ffb9b200000 - 0x00007ffb9b234000 	C:\Windows\SYSTEM32\dbgcore.DLL
0x00007ffbafec0000 - 0x00007ffbaff42000 	C:\Windows\System32\bcryptPrimitives.dll
0x00007ffba7770000 - 0x00007ffba777e000 	C:\Program Files\Java\jdk-17\bin\instrument.dll
0x00007ffba6c90000 - 0x00007ffba6cb5000 	C:\Program Files\Java\jdk-17\bin\java.dll

dbghelp: loaded successfully - version: 4.0.5 - missing functions: none
symbol engine: initialized successfully - sym options: 0x614 - pdb path: .;C:\Program Files\Java\jdk-17\bin;C:\Windows\SYSTEM32;C:\Windows\WinSxS\amd64_microsoft.windows.common-controls_6595b64144ccf1df_6.0.19041.3636_none_60b6a03d71f818d5;C:\Program Files\Java\jdk-17\bin\server

VM Arguments:
jvm_args: -XX:TieredStopAtLevel=1 -Dspring.output.ansi.enabled=always -Dcom.sun.management.jmxremote -Dspring.jmx.enabled=true -Dspring.liveBeansView.mbeanDomain -Dspring.application.admin.enabled=true -Dmanagement.endpoints.jmx.exposure.include=* -javaagent:C:\Program Files\JetBrains\IntelliJ IDEA 2023.3.2\lib\idea_rt.jar=60375:C:\Program Files\JetBrains\IntelliJ IDEA 2023.3.2\bin -Dfile.encoding=UTF-8 
java_command: com.godcoder.myhome.MyhomeApplication
java_class_path (initial): C:\worksapce_intelli\myhome\build\classes\java\main;C:\worksapce_intelli\myhome\build\resources\main;C:\Users\K\.gradle\caches\modules-2\files-2.1\org.projectlombok\lombok\1.18.30\f195ee86e6c896ea47a1d39defbe20eb59cd149d\lombok-1.18.30.jar;C:\Users\K\.gradle\caches\modules-2\files-2.1\org.springframework.boot\spring-boot-starter-thymeleaf\3.2.2\d1895c9a600547d53dddfff7c57ab7838df5d65\spring-boot-starter-thymeleaf-3.2.2.jar;C:\Users\K\.gradle\caches\modules-2\files-2.1\org.springframework.boot\spring-boot-starter-web\3.2.2\b89d213d9f49c3e6247b2503ac7d94b0ac8260f6\spring-boot-starter-web-3.2.2.jar;C:\Users\K\.gradle\caches\modules-2\files-2.1\org.springframework.boot\spring-boot-starter-data-jpa\3.2.2\65cf3aad09f0218b7dfab849c9b0350d0a9e0d81\spring-boot-starter-data-jpa-3.2.2.jar;C:\Users\K\.gradle\caches\modules-2\files-2.1\org.springframework.boot\spring-boot-starter-validation\3.2.2\faedd363ffbafde6a23bc7183ce79de11a96e780\spring-boot-starter-validation-3.2.2.jar;C:\Users\K\.gradle\caches\modules-2\files-2.1\org.springframework.boot\spring-boot-starter-security\3.2.2\79676d6fe68878890e26be10ecab126f472d7c0f\spring-boot-starter-security-3.2.2.jar;C:\Users\K\.gradle\caches\modules-2\files-2.1\org.thymeleaf.extras\thymeleaf-extras-springsecurity6\3.1.1.RELEASE\af922bd525aa914b70723f3b19adefd09c49bb3b\thymeleaf-extras-springsecurity6-3.1.1.RELEASE.jar;C:\Users\K\.gradle\caches\modules-2\files-2.1\org.springframework.boot\spring-boot-starter\3.2.2\dc04714f9295297f92fa8099eb51edc54dbe67db\spring-boot-starter-3.2.2.jar;C:\Users\K\.gradle\caches\modules-2\files-2.1\org.thymeleaf\thymeleaf-spring6\3.1.2.RELEASE\6030c7b4e260c41336f378e53da6e8531263f24b\thymeleaf-spring6-3.1.2.RELEASE.jar;C:\Users\K\.gradle\caches\modules-2\files-2.1\org.springframework.boot\spring-boot-starter-json\3.2.2\328f5ce9e10d5f90520e72a3ff8a2586b9e46b37\spring-boot-starter-json-3.2.2.jar;C:\Users\K\.gradle\caches\modules-2\files-2.1\org.springframework.boot\spring-boot-st
Launcher Type: SUN_STANDARD

[Global flags]
     intx CICompilerCount                          = 3                                         {product} {ergonomic}
     uint ConcGCThreads                            = 1                                         {product} {ergonomic}
     uint G1ConcRefinementThreads                  = 4                                         {product} {ergonomic}
   size_t G1HeapRegionSize                         = 2097152                                   {product} {ergonomic}
    uintx GCDrainStackTargetSize                   = 64                                        {product} {ergonomic}
   size_t InitialHeapSize                          = 268435456                                 {product} {ergonomic}
     bool ManagementServer                         = true                                      {product} {command line}
   size_t MarkStackSize                            = 4194304                                   {product} {ergonomic}
   size_t MaxHeapSize                              = 4280287232                                {product} {ergonomic}
   size_t MaxNewSize                               = 2566914048                                {product} {ergonomic}
   size_t MinHeapDeltaBytes                        = 2097152                                   {product} {ergonomic}
   size_t MinHeapSize                              = 8388608                                   {product} {ergonomic}
    uintx NonProfiledCodeHeapSize                  = 0                                      {pd product} {ergonomic}
     bool ProfileInterpreter                       = false                                  {pd product} {command line}
    uintx ProfiledCodeHeapSize                     = 0                                      {pd product} {ergonomic}
   size_t SoftMaxHeapSize                          = 4280287232                             {manageable} {ergonomic}
     intx TieredStopAtLevel                        = 1                                         {product} {command line}
     bool UseCompressedClassPointers               = true                           {product lp64_product} {ergonomic}
     bool UseCompressedOops                        = true                           {product lp64_product} {ergonomic}
     bool UseG1GC                                  = true                                      {product} {ergonomic}
     bool UseLargePagesIndividualAllocation        = false                                  {pd product} {ergonomic}

Logging:
Log output configuration:
 #0: stdout all=warning uptime,level,tags
 #1: stderr all=off uptime,level,tags

Environment Variables:
JAVA_HOME=C:\Program Files\Java\jdk-17
PATH=C:\Program Files\Common Files\Oracle\Java\javapath;C:\Python312\Scripts\;C:\Python312\;C:\Users\K\Downloads\WINDOWS.X64_193000_db_home\bin;C:\Program Files (x86)\VMware\VMware Workstation\bin\;C:\Program Files (x86)\Common Files\Oracle\Java\javapath;C:\Windows\system32;C:\Windows;C:\Windows\System32\Wbem;C:\Windows\System32\WindowsPowerShell\v1.0\;C:\Windows\System32\OpenSSH\;C:\Program Files\Microsoft SQL Server\120\Tools\Binn\;C:\Program Files\Common Files\Autodesk Shared\;C:\Program Files\dotnet\;C:\Program Files\Java\jdk-17\bin;C:\ProgramData\chocolatey\bin;C:\Program Files\nodejs\;C:\Program Files\Git\cmd;C:\Program Files\Java\jdk-17bin;C:\Python311\Scripts\;C:\Python311\;C:\Users\K\AppData\Local\Microsoft\WindowsApps;C:\Users\K\AppData\Local\Programs\Microsoft VS Code\bin;C:\Program Files\JetBrains\IntelliJ IDEA Community Edition 2023.1.2\bin;C:\Program Files\JetBrains\IntelliJ IDEA 2023.1.3\bin;C:\Users\K\AppData\Local\atom\bin;C:\Users\K\AppData\Roaming\npm;C:\Program Files\MariaDB 10.4\bin;
USERNAME=K
OS=Windows_NT
PROCESSOR_IDENTIFIER=Intel64 Family 6 Model 60 Stepping 3, GenuineIntel



---------------  S Y S T E M  ---------------

OS:
 Windows 10 , 64 bit Build 19041 (10.0.19041.3636)
OS uptime: 8 days 3:26 hours

CPU: total 4 (initial active 4) (4 cores per cpu, 1 threads per core) family 6 model 60 stepping 3 microcode 0x27, cx8, cmov, fxsr, mmx, sse, sse2, sse3, ssse3, sse4.1, sse4.2, popcnt, lzcnt, tsc, tscinvbit, avx, avx2, aes, erms, clmul, bmi1, bmi2, fma, vzeroupper, clflush

Memory: 4k page, system-wide physical 16321M (6035M free)
TotalPageFile size 65473M (AvailPageFile size 5M)
current process WorkingSet (physical memory assigned to process): 12M, peak: 12M
current process commit charge ("private bytes"): 314M, peak: 318M

vm_info: Java HotSpot(TM) 64-Bit Server VM (17.0.9+11-LTS-201) for windows-amd64 JRE (17.0.9+11-LTS-201), built on Oct 10 2023 23:16:06 by "mach5one" with MS VC++ 17.1 (VS2022)

END.
